<?xml version="1.0" encoding="UTF-8"?>
<!-- Generated by org.testng.reporters.JUnitReportReporter -->
<testsuite skipped="3" hostname="G3G52VP2E" name="com.dgsl.phptravels.testcases.WelcomePageTest" tests="3" failures="0" timestamp="2020-10-03T12:38:19 IST" time="0.000" errors="0">
  <testcase name="welcomePageTitleTest" time="0.000" classname="com.dgsl.phptravels.testcases.WelcomePageTest">
    <skipped/>
  </testcase> <!-- welcomePageTitleTest -->
  <system-out/>
  <testcase name="welcomePageLogoTest" time="0.000" classname="com.dgsl.phptravels.testcases.WelcomePageTest">
    <skipped/>
  </testcase> <!-- welcomePageLogoTest -->
  <system-out/>
  <testcase name="signUpLinkTest" time="0.000" classname="com.dgsl.phptravels.testcases.WelcomePageTest">
    <skipped/>
  </testcase> <!-- signUpLinkTest -->
  <system-out/>
</testsuite> <!-- com.dgsl.phptravels.testcases.WelcomePageTest -->
