<?xml version="1.0" encoding="UTF-8"?>
<!-- Generated by org.testng.reporters.JUnitReportReporter -->
<testsuite skipped="0" hostname="G3G52VP2E" name="com.dgsl.restapi.tests.PostAPITest" tests="1" failures="0" timestamp="2020-09-26T00:03:06 IST" time="2.820" errors="0">
  <testcase name="postAPITestWithHeader" time="2.820" classname="com.dgsl.restapi.tests.PostAPITest"/>
  <system-out/>
</testsuite> <!-- com.dgsl.restapi.tests.PostAPITest -->
