<?xml version="1.0" encoding="UTF-8"?>
<!-- Generated by org.testng.reporters.JUnitReportReporter -->
<testsuite skipped="0" hostname="G3G52VP2E" name="com.dgsl.restapi.tests.GetAPITest" tests="2" failures="0" timestamp="2020-09-26T00:01:56 IST" time="2.525" errors="0">
  <testcase name="getAPITestWithoutHeaders" time="1.762" classname="com.dgsl.restapi.tests.GetAPITest"/>
  <system-out/>
  <testcase name="getAPITestWithHeaders" time="0.763" classname="com.dgsl.restapi.tests.GetAPITest"/>
  <system-out/>
</testsuite> <!-- com.dgsl.restapi.tests.GetAPITest -->
