<?xml version="1.0" encoding="UTF-8"?>
<!-- Generated by org.testng.reporters.JUnitReportReporter -->
<testsuite skipped="2" hostname="G3G52VP2E" name="com.dgsl.phptravels.testcases.AccountPageTest" tests="2" failures="0" timestamp="2020-10-03T12:38:19 IST" time="0.000" errors="0">
  <testcase name="accountPageTitleTest" time="0.000" classname="com.dgsl.phptravels.testcases.AccountPageTest">
    <skipped/>
  </testcase> <!-- accountPageTitleTest -->
  <system-out/>
  <testcase name="logoutLinkTest" time="0.000" classname="com.dgsl.phptravels.testcases.AccountPageTest">
    <skipped/>
  </testcase> <!-- logoutLinkTest -->
  <system-out/>
</testsuite> <!-- com.dgsl.phptravels.testcases.AccountPageTest -->
